This file contains any messages produced by compilers while
running configure, to aid debugging if configure makes a mistake.

It was created by configure, which was
generated by GNU Autoconf 2.61.  Invocation command line was

  $ ./configure --with-terminal --with-ipc-queue --with-help-menus --with-plugin-headers --with-freedesktop-support --with-spiltter-windows

## --------- ##
## Platform. ##
## --------- ##

hostname = telaar.localdomain
uname -m = x86_64
uname -r = 4.18.0-305.12.1.el8_4.x86_64
uname -s = Linux
uname -v = #1 SMP Mon Jul 26 08:06:24 EDT 2021

/usr/bin/uname -p = x86_64
/bin/uname -X     = unknown

/bin/arch              = x86_64
/usr/bin/arch -k       = unknown
/usr/convex/getsysinfo = unknown
/usr/bin/hostinfo      = unknown
/bin/machine           = unknown
/usr/bin/oslevel       = unknown
/bin/universe          = unknown

PATH: /home/iago/packages/google-cloud-sdk/bin
PATH: /home/iago/.local/bin
PATH: /home/iago/bin
PATH: /usr/share/Modules/bin
PATH: /usr/lib64/ccache
PATH: /usr/local/bin
PATH: /usr/local/sbin
PATH: /usr/bin
PATH: /usr/sbin
PATH: /home/iago/.dotnet/tools
PATH: /home/iago/go/bin
PATH: /home/iago/devel/esp/xtensa-lx106-elf/bin
PATH: /home/iago/go/bin
PATH: /home/iago/devel/esp/xtensa-lx106-elf/bin


## ----------- ##
## Core tests. ##
## ----------- ##

configure:1841: checking for a BSD-compatible install
configure:1897: result: /usr/bin/install -c
configure:1908: checking whether build environment is sane
configure:1951: result: yes
configure:1979: checking for a thread-safe mkdir -p
configure:2018: result: /usr/bin/mkdir -p
configure:2031: checking for gawk
configure:2047: found /usr/bin/gawk
configure:2058: result: gawk
configure:2069: checking whether make sets $(MAKE)
configure:2090: result: yes
configure:2280: checking whether to enable maintainer-specific portions of Makefiles
configure:2289: result: no
configure:2361: checking for g++
configure:2377: found /usr/lib64/ccache/g++
configure:2388: result: g++
configure:2419: checking for C++ compiler version
configure:2426: g++ --version >&5
g++ (GCC) 8.4.1 20200928 (Red Hat 8.4.1-1)
Copyright (C) 2018 Free Software Foundation, Inc.
This is free software; see the source for copying conditions.  There is NO
warranty; not even for MERCHANTABILITY or FITNESS FOR A PARTICULAR PURPOSE.

configure:2429: $? = 0
configure:2436: g++ -v >&5
Using built-in specs.
COLLECT_GCC=/usr/bin/g++
COLLECT_LTO_WRAPPER=/usr/libexec/gcc/x86_64-redhat-linux/8/lto-wrapper
OFFLOAD_TARGET_NAMES=nvptx-none
OFFLOAD_TARGET_DEFAULT=1
Target: x86_64-redhat-linux
Configured with: ../configure --enable-bootstrap --enable-languages=c,c++,fortran,lto --prefix=/usr --mandir=/usr/share/man --infodir=/usr/share/info --with-bugurl=http://bugzilla.redhat.com/bugzilla --enable-shared --enable-threads=posix --enable-checking=release --enable-multilib --with-system-zlib --enable-__cxa_atexit --disable-libunwind-exceptions --enable-gnu-unique-object --enable-linker-build-id --with-gcc-major-version-only --with-linker-hash-style=gnu --enable-plugin --enable-initfini-array --with-isl --disable-libmpx --enable-offload-targets=nvptx-none --without-cuda-driver --enable-gnu-indirect-function --enable-cet --with-tune=generic --with-arch_32=x86-64 --build=x86_64-redhat-linux
Thread model: posix
gcc version 8.4.1 20200928 (Red Hat 8.4.1-1) (GCC) 
configure:2439: $? = 0
configure:2446: g++ -V >&5
g++: error: unrecognized command line option '-V'
g++: fatal error: no input files
compilation terminated.
configure:2449: $? = 1
configure:2472: checking for C++ compiler default output file name
configure:2499: g++    conftest.cpp  >&5
configure:2502: $? = 0
configure:2540: result: a.out
configure:2557: checking whether the C++ compiler works
configure:2567: ./a.out
configure:2570: $? = 0
configure:2587: result: yes
configure:2594: checking whether we are cross compiling
configure:2596: result: no
configure:2599: checking for suffix of executables
configure:2606: g++ -o conftest    conftest.cpp  >&5
configure:2609: $? = 0
configure:2633: result: 
configure:2639: checking for suffix of object files
configure:2665: g++ -c   conftest.cpp >&5
configure:2668: $? = 0
configure:2691: result: o
configure:2695: checking whether we are using the GNU C++ compiler
configure:2724: g++ -c   conftest.cpp >&5
configure:2730: $? = 0
configure:2747: result: yes
configure:2752: checking whether g++ accepts -g
configure:2782: g++ -c -g  conftest.cpp >&5
configure:2788: $? = 0
configure:2887: result: yes
configure:2921: checking for style of include used by make
configure:2949: result: GNU
configure:2974: checking dependency style of g++
configure:3065: result: gcc3
configure:3128: checking for gcc
configure:3144: found /usr/lib64/ccache/gcc
configure:3155: result: gcc
configure:3393: checking for C compiler version
configure:3400: gcc --version >&5
gcc (GCC) 8.4.1 20200928 (Red Hat 8.4.1-1)
Copyright (C) 2018 Free Software Foundation, Inc.
This is free software; see the source for copying conditions.  There is NO
warranty; not even for MERCHANTABILITY or FITNESS FOR A PARTICULAR PURPOSE.

configure:3403: $? = 0
configure:3410: gcc -v >&5
Using built-in specs.
COLLECT_GCC=/usr/bin/gcc
COLLECT_LTO_WRAPPER=/usr/libexec/gcc/x86_64-redhat-linux/8/lto-wrapper
OFFLOAD_TARGET_NAMES=nvptx-none
OFFLOAD_TARGET_DEFAULT=1
Target: x86_64-redhat-linux
Configured with: ../configure --enable-bootstrap --enable-languages=c,c++,fortran,lto --prefix=/usr --mandir=/usr/share/man --infodir=/usr/share/info --with-bugurl=http://bugzilla.redhat.com/bugzilla --enable-shared --enable-threads=posix --enable-checking=release --enable-multilib --with-system-zlib --enable-__cxa_atexit --disable-libunwind-exceptions --enable-gnu-unique-object --enable-linker-build-id --with-gcc-major-version-only --with-linker-hash-style=gnu --enable-plugin --enable-initfini-array --with-isl --disable-libmpx --enable-offload-targets=nvptx-none --without-cuda-driver --enable-gnu-indirect-function --enable-cet --with-tune=generic --with-arch_32=x86-64 --build=x86_64-redhat-linux
Thread model: posix
gcc version 8.4.1 20200928 (Red Hat 8.4.1-1) (GCC) 
configure:3413: $? = 0
configure:3420: gcc -V >&5
gcc: error: unrecognized command line option '-V'
gcc: fatal error: no input files
compilation terminated.
configure:3423: $? = 1
configure:3426: checking whether we are using the GNU C compiler
configure:3455: gcc -c   conftest.c >&5
configure:3461: $? = 0
configure:3478: result: yes
configure:3483: checking whether gcc accepts -g
configure:3513: gcc -c -g  conftest.c >&5
configure:3519: $? = 0
configure:3618: result: yes
configure:3635: checking for gcc option to accept ISO C89
configure:3709: gcc  -c -g -O2  conftest.c >&5
configure:3715: $? = 0
configure:3738: result: none needed
configure:3758: checking dependency style of gcc
configure:3849: result: gcc3
configure:3869: checking how to run the C preprocessor
configure:3909: gcc -E  conftest.c
configure:3915: $? = 0
configure:3946: gcc -E  conftest.c
conftest.c:10:10: fatal error: ac_nonexistent.h: No such file or directory
 #include <ac_nonexistent.h>
          ^~~~~~~~~~~~~~~~~~
compilation terminated.
configure:3952: $? = 1
configure: failed program was:
| /* confdefs.h.  */
| #define PACKAGE_NAME ""
| #define PACKAGE_TARNAME ""
| #define PACKAGE_VERSION ""
| #define PACKAGE_STRING ""
| #define PACKAGE_BUGREPORT ""
| #define PACKAGE "cssed"
| #define VERSION "0.4.1"
| /* end confdefs.h.  */
| #include <ac_nonexistent.h>
configure:3985: result: gcc -E
configure:4014: gcc -E  conftest.c
configure:4020: $? = 0
configure:4051: gcc -E  conftest.c
conftest.c:10:10: fatal error: ac_nonexistent.h: No such file or directory
 #include <ac_nonexistent.h>
          ^~~~~~~~~~~~~~~~~~
compilation terminated.
configure:4057: $? = 1
configure: failed program was:
| /* confdefs.h.  */
| #define PACKAGE_NAME ""
| #define PACKAGE_TARNAME ""
| #define PACKAGE_VERSION ""
| #define PACKAGE_STRING ""
| #define PACKAGE_BUGREPORT ""
| #define PACKAGE "cssed"
| #define VERSION "0.4.1"
| /* end confdefs.h.  */
| #include <ac_nonexistent.h>
configure:4098: checking for gawk
configure:4125: result: gawk
configure:4149: checking for a BSD-compatible install
configure:4205: result: /usr/bin/install -c
configure:4216: checking whether ln -s works
configure:4220: result: yes
configure:4227: checking whether make sets $(MAKE)
configure:4248: result: yes
configure:4300: checking for ranlib
configure:4316: found /usr/bin/ranlib
configure:4327: result: ranlib
configure:4359: checking build system type
configure:4377: result: x86_64-redhat-linux-gnu
configure:4399: checking host system type
configure:4414: result: x86_64-redhat-linux-gnu
configure:4439: checking for grep that handles long lines and -e
configure:4513: result: /usr/bin/grep
configure:4518: checking for egrep
configure:4596: result: /usr/bin/grep -E
configure:4601: checking for ANSI C header files
configure:4631: gcc -c -g -O2  conftest.c >&5
configure:4637: $? = 0
configure:4736: gcc -o conftest -g -O2   conftest.c  >&5
configure:4739: $? = 0
configure:4745: ./conftest
configure:4748: $? = 0
configure:4765: result: yes
configure:4789: checking for sys/types.h
configure:4810: gcc -c -g -O2  conftest.c >&5
configure:4816: $? = 0
configure:4832: result: yes
configure:4789: checking for sys/stat.h
configure:4810: gcc -c -g -O2  conftest.c >&5
configure:4816: $? = 0
configure:4832: result: yes
configure:4789: checking for stdlib.h
configure:4810: gcc -c -g -O2  conftest.c >&5
configure:4816: $? = 0
configure:4832: result: yes
configure:4789: checking for string.h
configure:4810: gcc -c -g -O2  conftest.c >&5
configure:4816: $? = 0
configure:4832: result: yes
configure:4789: checking for memory.h
configure:4810: gcc -c -g -O2  conftest.c >&5
configure:4816: $? = 0
configure:4832: result: yes
configure:4789: checking for strings.h
configure:4810: gcc -c -g -O2  conftest.c >&5
configure:4816: $? = 0
configure:4832: result: yes
configure:4789: checking for inttypes.h
configure:4810: gcc -c -g -O2  conftest.c >&5
configure:4816: $? = 0
configure:4832: result: yes
configure:4789: checking for stdint.h
configure:4810: gcc -c -g -O2  conftest.c >&5
configure:4816: $? = 0
configure:4832: result: yes
configure:4789: checking for unistd.h
configure:4810: gcc -c -g -O2  conftest.c >&5
configure:4816: $? = 0
configure:4832: result: yes
configure:4844: checking for stdbool.h that conforms to C99
configure:4937: gcc -c -g -O2  conftest.c >&5
configure:4943: $? = 0
configure:4958: result: yes
configure:4960: checking for _Bool
configure:4990: gcc -c -g -O2  conftest.c >&5
configure:4996: $? = 0
configure:5011: result: yes
configure:5030: checking for an ANSI C-conforming const
configure:5105: gcc -c -g -O2  conftest.c >&5
configure:5111: $? = 0
configure:5126: result: yes
configure:5136: checking for inline
configure:5162: gcc -c -g -O2  conftest.c >&5
configure:5168: $? = 0
configure:5186: result: inline
configure:5205: checking for size_t
configure:5235: gcc -c -g -O2  conftest.c >&5
configure:5241: $? = 0
configure:5256: result: yes
configure:5287: checking locale.h usability
configure:5304: gcc -c -g -O2  conftest.c >&5
configure:5310: $? = 0
configure:5324: result: yes
configure:5328: checking locale.h presence
configure:5343: gcc -E  conftest.c
configure:5349: $? = 0
configure:5363: result: yes
configure:5391: checking for locale.h
configure:5399: result: yes
configure:5413: checking for LC_MESSAGES
configure:5439: gcc -o conftest -g -O2   conftest.c  >&5
configure:5445: $? = 0
configure:5462: result: yes
configure:5491: checking libintl.h usability
configure:5508: gcc -c -g -O2  conftest.c >&5
configure:5514: $? = 0
configure:5528: result: yes
configure:5532: checking libintl.h presence
configure:5547: gcc -E  conftest.c
configure:5553: $? = 0
configure:5567: result: yes
configure:5595: checking for libintl.h
configure:5602: result: yes
configure:5613: checking for ngettext in libc
configure:5641: gcc -o conftest -g -O2   conftest.c  >&5
configure:5647: $? = 0
configure:5665: result: yes
configure:5669: checking for dgettext in libc
configure:5697: gcc -o conftest -g -O2   conftest.c  >&5
configure:5703: $? = 0
configure:5721: result: yes
configure:5730: checking for bind_textdomain_codeset
configure:5786: gcc -o conftest -g -O2   conftest.c  >&5
configure:5792: $? = 0
configure:5810: result: yes
configure:6297: checking for msgfmt
configure:6324: result: /usr/bin/msgfmt
configure:6337: checking for dcgettext
configure:6393: gcc -o conftest -g -O2   conftest.c   >&5
conftest.c:49:6: warning: conflicting types for built-in function 'dcgettext' [-Wbuiltin-declaration-mismatch]
 char dcgettext ();
      ^~~~~~~~~
configure:6399: $? = 0
configure:6417: result: yes
configure:6428: checking if msgfmt accepts -c
configure:6443: $MSGFMT -c -o /dev/null conftest.foo
conftest.foo:3: warning: header field 'Language' missing in header
configure:6446: $? = 0
configure:6448: result: yes
configure:6458: checking for gmsgfmt
configure:6489: result: /usr/bin/msgfmt
configure:6499: checking for xgettext
configure:6526: result: /usr/bin/xgettext
configure:6555: gcc -o conftest -g -O2   conftest.c   >&5
configure:6561: $? = 0
configure:6730: checking for catalogs to be installed
configure:6755: result:  es fr gl it de ca cs
configure:6788: checking if prefix is set 
configure:6818: checking for pkg-config
configure:6836: found /usr/bin/pkg-config
configure:6849: result: /usr/bin/pkg-config
configure:6931: checking if will build with terminal
configure:6956: checking if will build ipc queue
configure:6978: checking sys/ipc.h usability
configure:6995: gcc -c -g -O2  conftest.c >&5
configure:7001: $? = 0
configure:7015: result: yes
configure:7019: checking sys/ipc.h presence
configure:7034: gcc -E  conftest.c
configure:7040: $? = 0
configure:7054: result: yes
configure:7082: checking for sys/ipc.h
configure:7090: result: yes
configure:6978: checking sys/msg.h usability
configure:6995: gcc -c -g -O2  conftest.c >&5
configure:7001: $? = 0
configure:7015: result: yes
configure:7019: checking sys/msg.h presence
configure:7034: gcc -E  conftest.c
configure:7040: $? = 0
configure:7054: result: yes
configure:7082: checking for sys/msg.h
configure:7090: result: yes
configure:6978: checking signal.h usability
configure:6995: gcc -c -g -O2  conftest.c >&5
configure:7001: $? = 0
configure:7015: result: yes
configure:7019: checking signal.h presence
configure:7034: gcc -E  conftest.c
configure:7040: $? = 0
configure:7054: result: yes
configure:7082: checking for signal.h
configure:7090: result: yes
configure:6978: checking limits.h usability
configure:6995: gcc -c -g -O2  conftest.c >&5
configure:7001: $? = 0
configure:7015: result: yes
configure:7019: checking limits.h presence
configure:7034: gcc -E  conftest.c
configure:7040: $? = 0
configure:7054: result: yes
configure:7082: checking for limits.h
configure:7090: result: yes
configure:7121: checking if will build help menus
configure:7130: checking for stdlib.h
configure:7136: result: yes
configure:7282: checking if will install development headers
configure:7308: checking if will install freedesktop files
configure:7314: checking for desktop-file-install
configure:7332: found /usr/bin/desktop-file-install
configure:7345: result: /usr/bin/desktop-file-install
configure:7360: checking for update-mime-database
configure:7378: found /usr/bin/update-mime-database
configure:7391: result: /usr/bin/update-mime-database
configure:7425: checking if will allow splitter windows
configure:7433: checking for error_at_line
configure:7459: gcc -o conftest -g -O2   conftest.c  >&5
configure:7465: $? = 0
configure:7482: result: yes
configure:7493: checking for working memcmp
configure:7546: gcc -o conftest -g -O2   conftest.c  >&5
configure:7549: $? = 0
configure:7555: ./conftest
configure:7558: $? = 0
configure:7574: result: yes
configure:7589: checking for stdlib.h
configure:7595: result: yes
configure:7589: checking for unistd.h
configure:7595: result: yes
configure:7728: checking for getpagesize
configure:7784: gcc -o conftest -g -O2   conftest.c  >&5
configure:7790: $? = 0
configure:7808: result: yes
configure:7818: checking for working mmap
configure:7965: gcc -o conftest -g -O2   conftest.c  >&5
configure:7968: $? = 0
configure:7974: ./conftest
configure:7977: $? = 0
configure:7993: result: yes
configure:8004: checking whether lstat dereferences a symlink specified with a trailing slash
configure:8040: gcc -o conftest -g -O2   conftest.c  >&5
configure:8043: $? = 0
configure:8049: ./conftest
configure:8052: $? = 0
configure:8075: result: yes
configure:8094: checking whether stat accepts an empty string
configure:8124: gcc -o conftest -g -O2   conftest.c  >&5
configure:8127: $? = 0
configure:8133: ./conftest
configure:8136: $? = 0
configure:8152: result: no
configure:8172: checking for vprintf
configure:8228: gcc -o conftest -g -O2   conftest.c  >&5
conftest.c:61:6: warning: conflicting types for built-in function 'vprintf' [-Wbuiltin-declaration-mismatch]
 char vprintf ();
      ^~~~~~~
configure:8234: $? = 0
configure:8252: result: yes
configure:8259: checking for _doprnt
configure:8315: gcc -o conftest -g -O2   conftest.c  >&5
/tmp/ccZxPyqp.o: In function `main':
/home/iago/files/projects/sf/cssed/cssed/conftest.c:73: undefined reference to `_doprnt'
collect2: error: ld returned 1 exit status
configure:8321: $? = 1
configure: failed program was:
| /* confdefs.h.  */
| #define PACKAGE_NAME ""
| #define PACKAGE_TARNAME ""
| #define PACKAGE_VERSION ""
| #define PACKAGE_STRING ""
| #define PACKAGE_BUGREPORT ""
| #define PACKAGE "cssed"
| #define VERSION "0.4.1"
| #define STDC_HEADERS 1
| #define HAVE_SYS_TYPES_H 1
| #define HAVE_SYS_STAT_H 1
| #define HAVE_STDLIB_H 1
| #define HAVE_STRING_H 1
| #define HAVE_MEMORY_H 1
| #define HAVE_STRINGS_H 1
| #define HAVE_INTTYPES_H 1
| #define HAVE_STDINT_H 1
| #define HAVE_UNISTD_H 1
| #define HAVE__BOOL 1
| #define HAVE_STDBOOL_H 1
| #define HAVE_LOCALE_H 1
| #define HAVE_LC_MESSAGES 1
| #define HAVE_BIND_TEXTDOMAIN_CODESET 1
| #define HAVE_GETTEXT 1
| #define HAVE_DCGETTEXT 1
| #define ENABLE_NLS 1
| #define HAVE_SYS_IPC_H 1
| #define HAVE_SYS_MSG_H 1
| #define HAVE_SIGNAL_H 1
| #define HAVE_LIMITS_H 1
| #define HAVE_STDLIB_H 1
| #define HAVE_STDLIB_H 1
| #define HAVE_UNISTD_H 1
| #define HAVE_GETPAGESIZE 1
| #define HAVE_MMAP 1
| #define LSTAT_FOLLOWS_SLASHED_SYMLINK 1
| #define HAVE_VPRINTF 1
| /* end confdefs.h.  */
| /* Define _doprnt to an innocuous variant, in case <limits.h> declares _doprnt.
|    For example, HP-UX 11i <limits.h> declares gettimeofday.  */
| #define _doprnt innocuous__doprnt
| 
| /* System header to define __stub macros and hopefully few prototypes,
|     which can conflict with char _doprnt (); below.
|     Prefer <limits.h> to <assert.h> if __STDC__ is defined, since
|     <limits.h> exists even on freestanding compilers.  */
| 
| #ifdef __STDC__
| # include <limits.h>
| #else
| # include <assert.h>
| #endif
| 
| #undef _doprnt
| 
| /* Override any GCC internal prototype to avoid an error.
|    Use char because int might match the return type of a GCC
|    builtin and then its argument prototype would still apply.  */
| #ifdef __cplusplus
| extern "C"
| #endif
| char _doprnt ();
| /* The GNU C library defines this for functions which it implements
|     to always fail with ENOSYS.  Some functions are actually named
|     something starting with __ and the normal name is an alias.  */
| #if defined __stub__doprnt || defined __stub____doprnt
| choke me
| #endif
| 
| int
| main ()
| {
| return _doprnt ();
|   ;
|   return 0;
| }
configure:8338: result: no
configure:8364: checking for isascii
configure:8420: gcc -o conftest -g -O2   conftest.c  >&5
conftest.c:62:6: warning: conflicting types for built-in function 'isascii' [-Wbuiltin-declaration-mismatch]
 char isascii ();
      ^~~~~~~
configure:8426: $? = 0
configure:8444: result: yes
configure:8364: checking for mblen
configure:8420: gcc -o conftest -g -O2   conftest.c  >&5
configure:8426: $? = 0
configure:8444: result: yes
configure:8364: checking for memmove
configure:8420: gcc -o conftest -g -O2   conftest.c  >&5
conftest.c:64:6: warning: conflicting types for built-in function 'memmove' [-Wbuiltin-declaration-mismatch]
 char memmove ();
      ^~~~~~~
configure:8426: $? = 0
configure:8444: result: yes
configure:8364: checking for memset
configure:8420: gcc -o conftest -g -O2   conftest.c  >&5
conftest.c:65:6: warning: conflicting types for built-in function 'memset' [-Wbuiltin-declaration-mismatch]
 char memset ();
      ^~~~~~
configure:8426: $? = 0
configure:8444: result: yes
configure:8364: checking for munmap
configure:8420: gcc -o conftest -g -O2   conftest.c  >&5
configure:8426: $? = 0
configure:8444: result: yes
configure:8364: checking for strchr
configure:8420: gcc -o conftest -g -O2   conftest.c  >&5
conftest.c:67:6: warning: conflicting types for built-in function 'strchr' [-Wbuiltin-declaration-mismatch]
 char strchr ();
      ^~~~~~
configure:8426: $? = 0
configure:8444: result: yes
configure:8364: checking for strstr
configure:8420: gcc -o conftest -g -O2   conftest.c  >&5
conftest.c:68:6: warning: conflicting types for built-in function 'strstr' [-Wbuiltin-declaration-mismatch]
 char strstr ();
      ^~~~~~
configure:8426: $? = 0
configure:8444: result: yes
configure:8364: checking for mkdir
configure:8420: gcc -o conftest -g -O2   conftest.c  >&5
configure:8426: $? = 0
configure:8444: result: yes
configure:8364: checking for strtol
configure:8420: gcc -o conftest -g -O2   conftest.c  >&5
configure:8426: $? = 0
configure:8444: result: yes
configure:8455: checking for ANSI C header files
configure:8619: result: yes
configure:8644: checking for unistd.h
configure:8650: result: yes
configure:8644: checking for string.h
configure:8650: result: yes
configure:8654: checking ctype.h usability
configure:8671: gcc -c -g -O2  conftest.c >&5
configure:8677: $? = 0
configure:8691: result: yes
configure:8695: checking ctype.h presence
configure:8710: gcc -E  conftest.c
configure:8716: $? = 0
configure:8730: result: yes
configure:8758: checking for ctype.h
configure:8766: result: yes
configure:8654: checking stdio.h usability
configure:8671: gcc -c -g -O2  conftest.c >&5
configure:8677: $? = 0
configure:8691: result: yes
configure:8695: checking stdio.h presence
configure:8710: gcc -E  conftest.c
configure:8716: $? = 0
configure:8730: result: yes
configure:8758: checking for stdio.h
configure:8766: result: yes
configure:8654: checking sys/mman.h usability
configure:8671: gcc -c -g -O2  conftest.c >&5
configure:8677: $? = 0
configure:8691: result: yes
configure:8695: checking sys/mman.h presence
configure:8710: gcc -E  conftest.c
configure:8716: $? = 0
configure:8730: result: yes
configure:8758: checking for sys/mman.h
configure:8766: result: yes
configure:8644: checking for sys/types.h
configure:8650: result: yes
configure:8644: checking for sys/stat.h
configure:8650: result: yes
configure:8654: checking fcntl.h usability
configure:8671: gcc -c -g -O2  conftest.c >&5
configure:8677: $? = 0
configure:8691: result: yes
configure:8695: checking fcntl.h presence
configure:8710: gcc -E  conftest.c
configure:8716: $? = 0
configure:8730: result: yes
configure:8758: checking for fcntl.h
configure:8766: result: yes
configure:8654: checking libgen.h usability
configure:8671: gcc -c -g -O2  conftest.c >&5
configure:8677: $? = 0
configure:8691: result: yes
configure:8695: checking libgen.h presence
configure:8710: gcc -E  conftest.c
configure:8716: $? = 0
configure:8730: result: yes
configure:8758: checking for libgen.h
configure:8766: result: yes
configure:8644: checking for libintl.h
configure:8650: result: yes
configure:8654: checking stddef.h usability
configure:8671: gcc -c -g -O2  conftest.c >&5
configure:8677: $? = 0
configure:8691: result: yes
configure:8695: checking stddef.h presence
configure:8710: gcc -E  conftest.c
configure:8716: $? = 0
configure:8730: result: yes
configure:8758: checking for stddef.h
configure:8766: result: yes
configure:8887: checking pkg-config is at least version 0.9.0
configure:8890: result: yes
configure:8901: checking for PACKAGE
configure:8909: $PKG_CONFIG --exists --print-errors "$pkg_modules"
configure:8912: $? = 0
configure:8927: $PKG_CONFIG --exists --print-errors "$pkg_modules"
configure:8930: $? = 0
configure:9006: result: yes
configure:9035: checking if gtk+2 is at least 2.2
configure:9045: checking if gtk+2 is at least 2.4
configure:9055: checking if gtk+2 is at least 2.6
configure:9079: checking if will build with debugging output
configure:9097: checking if will build with debug information
configure:9271: creating ./config.status

## ---------------------- ##
## Running config.status. ##
## ---------------------- ##

This file was extended by config.status, which was
generated by GNU Autoconf 2.61.  Invocation command line was

  CONFIG_FILES    = 
  CONFIG_HEADERS  = 
  CONFIG_LINKS    = 
  CONFIG_COMMANDS = 
  $ ./config.status 

on telaar.localdomain

config.status:700: creating Makefile
config.status:700: creating cssed.pc
config.status:700: creating scintilla/Makefile
config.status:700: creating scintilla/gtk/Makefile
config.status:700: creating libcroco/parser/Makefile
config.status:700: creating libcroco/Makefile
config.status:700: creating pixmaps/Makefile
config.status:700: creating freedesktop/cssed.applications
config.status:700: creating freedesktop/cssed.desktop
config.status:700: creating src/Makefile
config.status:700: creating po/Makefile.in
config.status:840: WARNING:  po/Makefile.in.in seems to ignore the --datarootdir setting
config.status:700: creating config.h
config.status:974: config.h is unchanged
config.status:1020: executing depfiles commands
config.status:1020: executing default-1 commands

## ---------------- ##
## Cache variables. ##
## ---------------- ##

ac_cv_build=x86_64-redhat-linux-gnu
ac_cv_c_compiler_gnu=yes
ac_cv_c_const=yes
ac_cv_c_inline=inline
ac_cv_cxx_compiler_gnu=yes
ac_cv_env_CCC_set=
ac_cv_env_CCC_value=
ac_cv_env_CC_set=
ac_cv_env_CC_value=
ac_cv_env_CFLAGS_set=
ac_cv_env_CFLAGS_value=
ac_cv_env_CPPFLAGS_set=
ac_cv_env_CPPFLAGS_value=
ac_cv_env_CPP_set=
ac_cv_env_CPP_value=
ac_cv_env_CXXFLAGS_set=
ac_cv_env_CXXFLAGS_value=
ac_cv_env_CXX_set=
ac_cv_env_CXX_value=
ac_cv_env_LDFLAGS_set=
ac_cv_env_LDFLAGS_value=
ac_cv_env_LIBS_set=
ac_cv_env_LIBS_value=
ac_cv_env_PACKAGE_CFLAGS_set=
ac_cv_env_PACKAGE_CFLAGS_value=
ac_cv_env_PACKAGE_LIBS_set=
ac_cv_env_PACKAGE_LIBS_value=
ac_cv_env_PKG_CONFIG_set=
ac_cv_env_PKG_CONFIG_value=
ac_cv_env_build_alias_set=
ac_cv_env_build_alias_value=
ac_cv_env_host_alias_set=
ac_cv_env_host_alias_value=
ac_cv_env_target_alias_set=
ac_cv_env_target_alias_value=
ac_cv_func__doprnt=no
ac_cv_func_bind_textdomain_codeset=yes
ac_cv_func_dcgettext=yes
ac_cv_func_getpagesize=yes
ac_cv_func_isascii=yes
ac_cv_func_lstat_dereferences_slashed_symlink=yes
ac_cv_func_mblen=yes
ac_cv_func_memcmp_working=yes
ac_cv_func_memmove=yes
ac_cv_func_memset=yes
ac_cv_func_mkdir=yes
ac_cv_func_mmap_fixed_mapped=yes
ac_cv_func_munmap=yes
ac_cv_func_stat_empty_string_bug=no
ac_cv_func_strchr=yes
ac_cv_func_strstr=yes
ac_cv_func_strtol=yes
ac_cv_func_vprintf=yes
ac_cv_header_ctype_h=yes
ac_cv_header_fcntl_h=yes
ac_cv_header_inttypes_h=yes
ac_cv_header_libgen_h=yes
ac_cv_header_libintl_h=yes
ac_cv_header_limits_h=yes
ac_cv_header_locale_h=yes
ac_cv_header_memory_h=yes
ac_cv_header_signal_h=yes
ac_cv_header_stdbool_h=yes
ac_cv_header_stdc=yes
ac_cv_header_stddef_h=yes
ac_cv_header_stdint_h=yes
ac_cv_header_stdio_h=yes
ac_cv_header_stdlib_h=yes
ac_cv_header_string_h=yes
ac_cv_header_strings_h=yes
ac_cv_header_sys_ipc_h=yes
ac_cv_header_sys_mman_h=yes
ac_cv_header_sys_msg_h=yes
ac_cv_header_sys_stat_h=yes
ac_cv_header_sys_types_h=yes
ac_cv_header_unistd_h=yes
ac_cv_host=x86_64-redhat-linux-gnu
ac_cv_lib_error_at_line=yes
ac_cv_objext=o
ac_cv_path_DESKTOP_FILE_INSTALL=/usr/bin/desktop-file-install
ac_cv_path_EGREP='/usr/bin/grep -E'
ac_cv_path_GMSGFMT=/usr/bin/msgfmt
ac_cv_path_GREP=/usr/bin/grep
ac_cv_path_MSGFMT=/usr/bin/msgfmt
ac_cv_path_PKG_CONFIG=/usr/bin/pkg-config
ac_cv_path_UPDATE_MIME_DATABASE=/usr/bin/update-mime-database
ac_cv_path_XGETTEXT=/usr/bin/xgettext
ac_cv_path_install='/usr/bin/install -c'
ac_cv_path_mkdir=/usr/bin/mkdir
ac_cv_prog_AWK=gawk
ac_cv_prog_CPP='gcc -E'
ac_cv_prog_ac_ct_CC=gcc
ac_cv_prog_ac_ct_CXX=g++
ac_cv_prog_ac_ct_RANLIB=ranlib
ac_cv_prog_cc_c89=
ac_cv_prog_cc_g=yes
ac_cv_prog_cxx_g=yes
ac_cv_prog_make_make_set=yes
ac_cv_type__Bool=yes
ac_cv_type_size_t=yes
am_cv_CC_dependencies_compiler_type=gcc3
am_cv_CXX_dependencies_compiler_type=gcc3
am_cv_val_LC_MESSAGES=yes
gt_cv_func_dgettext_libc=yes
gt_cv_func_dgettext_libintl=no
gt_cv_func_ngettext_libc=yes
gt_cv_have_gettext=yes
pkg_cv_PACKAGE_CFLAGS='-I/usr/include/gtk-2.0 -I/usr/lib64/gtk-2.0/include -I/usr/include/pango-1.0 -I/usr/include/glib-2.0 -I/usr/lib64/glib-2.0/include -I/usr/include/fribidi -I/usr/include/cairo -I/usr/include/pixman-1 -I/usr/include/freetype2 -I/usr/include/libpng16 -I/usr/include/uuid -I/usr/include/harfbuzz -I/usr/include/gdk-pixbuf-2.0 -I/usr/include/atk-1.0 -I/usr/include/libxml2 -I/usr/include/vte-0.0 -I/usr/include/gio-unix-2.0/ -pthread '
pkg_cv_PACKAGE_LIBS='-lgthread-2.0 -lxml2 -Wl,--export-dynamic -lgmodule-2.0 -pthread -lglib-2.0 -lvte -lgtk-x11-2.0 -lgdk-x11-2.0 -lpangocairo-1.0 -latk-1.0 -lgdk_pixbuf-2.0 -lpangoft2-1.0 -lpango-1.0 -lfontconfig -lfreetype -lgio-2.0 -lgobject-2.0 -lglib-2.0 -lcairo -lX11 -lXext '

## ----------------- ##
## Output variables. ##
## ----------------- ##

ACLOCAL='${SHELL} /home/iago/files/projects/sf/cssed/cssed/missing --run aclocal-1.10'
AMDEPBACKSLASH='\'
AMDEP_FALSE='#'
AMDEP_TRUE=''
AMTAR='${SHELL} /home/iago/files/projects/sf/cssed/cssed/missing --run tar'
AUTOCONF='${SHELL} /home/iago/files/projects/sf/cssed/cssed/missing --run autoconf'
AUTOHEADER='${SHELL} /home/iago/files/projects/sf/cssed/cssed/missing --run autoheader'
AUTOMAKE='${SHELL} /home/iago/files/projects/sf/cssed/cssed/missing --run automake-1.10'
AWK='gawk'
CATALOGS=' es.gmo fr.gmo gl.gmo it.gmo de.gmo ca.gmo cs.gmo'
CATOBJEXT='.gmo'
CC='gcc'
CCDEPMODE='depmode=gcc3'
CFLAGS='-g -O2'
CPP='gcc -E'
CPPFLAGS=''
CXX='g++'
CXXDEPMODE='depmode=gcc3'
CXXFLAGS='-g -O2'
CYGPATH_W='echo'
DATADIRNAME='share'
DEBUG_FALSE=''
DEBUG_TRUE='#'
DEFS='-DHAVE_CONFIG_H'
DEPDIR='.deps'
DESKTOP_FILE_INSTALL='/usr/bin/desktop-file-install'
ECHO_C=''
ECHO_N='-n'
ECHO_T=''
EGREP='/usr/bin/grep -E'
EXEEXT=''
FREEDESKTOP_SUPPORT_FALSE='#'
FREEDESKTOP_SUPPORT_TRUE=''
GETTEXT_PACKAGE='cssed'
GLIB_GENMARSHAL='glib-genmarshal'
GLIB_MKENUMS='glib-mkenums'
GMOFILES=' es.gmo fr.gmo gl.gmo it.gmo de.gmo ca.gmo cs.gmo'
GMSGFMT='/usr/bin/msgfmt'
GREP='/usr/bin/grep'
INSTALLHEADERS_FALSE='#'
INSTALLHEADERS_TRUE=''
INSTALL_DATA='${INSTALL} -m 644'
INSTALL_PROGRAM='${INSTALL}'
INSTALL_SCRIPT='${INSTALL}'
INSTALL_STRIP_PROGRAM='$(install_sh) -c -s'
INSTOBJEXT='.mo'
INTLLIBS=''
LDFLAGS=''
LIBOBJS=''
LIBS=''
LN_S='ln -s'
LTLIBOBJS=''
MAINT='#'
MAINTAINER_MODE_FALSE=''
MAINTAINER_MODE_TRUE='#'
MAKEINFO='${SHELL} /home/iago/files/projects/sf/cssed/cssed/missing --run makeinfo'
MKINSTALLDIRS='./mkinstalldirs'
MSGFMT='/usr/bin/msgfmt'
MSGFMT_OPTS='-c'
OBJEXT='o'
PACKAGE='cssed'
PACKAGE_BUGREPORT=''
PACKAGE_CFLAGS='-I/usr/include/gtk-2.0 -I/usr/lib64/gtk-2.0/include -I/usr/include/pango-1.0 -I/usr/include/glib-2.0 -I/usr/lib64/glib-2.0/include -I/usr/include/fribidi -I/usr/include/cairo -I/usr/include/pixman-1 -I/usr/include/freetype2 -I/usr/include/libpng16 -I/usr/include/uuid -I/usr/include/harfbuzz -I/usr/include/gdk-pixbuf-2.0 -I/usr/include/atk-1.0 -I/usr/include/libxml2 -I/usr/include/vte-0.0 -I/usr/include/gio-unix-2.0/ -pthread  -DWITH_TERMINAL -DWITH_IPC_QUEUE -DWITH_HELP_MENUS -DWITH_SPLITTER_WINDOW -DGTK_IS_2_2 -DGTK_ATLEAST_2_4 -DGTK_ATLEAST_2_6'
PACKAGE_LIBS='-lgthread-2.0 -lxml2 -Wl,--export-dynamic -lgmodule-2.0 -pthread -lglib-2.0 -lvte -lgtk-x11-2.0 -lgdk-x11-2.0 -lpangocairo-1.0 -latk-1.0 -lgdk_pixbuf-2.0 -lpangoft2-1.0 -lpango-1.0 -lfontconfig -lfreetype -lgio-2.0 -lgobject-2.0 -lglib-2.0 -lcairo -lX11 -lXext '
PACKAGE_NAME=''
PACKAGE_PREFIX='/usr'
PACKAGE_STRING=''
PACKAGE_TARNAME=''
PACKAGE_VERSION=''
PATH_SEPARATOR=':'
PKG_CONFIG='/usr/bin/pkg-config'
POFILES=' es.po fr.po gl.po it.po de.po ca.po cs.po'
POSUB='po'
PO_IN_DATADIR_FALSE=''
PO_IN_DATADIR_TRUE=''
RANLIB='ranlib'
SET_MAKE=''
SHELL='/bin/sh'
STRIP=''
UPDATE_MIME_DATABASE='/usr/bin/update-mime-database'
USE_NLS='yes'
VERSION='0.4.1'
XGETTEXT='/usr/bin/xgettext'
ac_ct_CC='gcc'
ac_ct_CXX='g++'
am__fastdepCC_FALSE='#'
am__fastdepCC_TRUE=''
am__fastdepCXX_FALSE='#'
am__fastdepCXX_TRUE=''
am__include='include'
am__isrc=''
am__leading_dot='.'
am__quote=''
am__tar='${AMTAR} chof - "$$tardir"'
am__untar='${AMTAR} xf -'
bindir='${exec_prefix}/bin'
build='x86_64-redhat-linux-gnu'
build_alias=''
build_cpu='x86_64'
build_os='linux-gnu'
build_vendor='redhat'
datadir='${datarootdir}'
datarootdir='${prefix}/share'
docdir='${datarootdir}/doc/${PACKAGE}'
dvidir='${docdir}'
exec_prefix='${prefix}'
host='x86_64-redhat-linux-gnu'
host_alias=''
host_cpu='x86_64'
host_os='linux-gnu'
host_vendor='redhat'
htmldir='${docdir}'
includedir='${prefix}/include'
infodir='${datarootdir}/info'
install_sh='$(SHELL) /home/iago/files/projects/sf/cssed/cssed/install-sh'
libdir='${exec_prefix}/lib'
libexecdir='${exec_prefix}/libexec'
localedir='${datarootdir}/locale'
localstatedir='${prefix}/var'
mandir='${datarootdir}/man'
mkdir_p='/usr/bin/mkdir -p'
oldincludedir='/usr/include'
pdfdir='${docdir}'
prefix='/usr'
program_transform_name='s,x,x,'
psdir='${docdir}'
sbindir='${exec_prefix}/sbin'
sharedstatedir='${prefix}/com'
sysconfdir='${prefix}/etc'
target_alias=''

## ----------- ##
## confdefs.h. ##
## ----------- ##

#define PACKAGE_NAME ""
#define PACKAGE_TARNAME ""
#define PACKAGE_VERSION ""
#define PACKAGE_STRING ""
#define PACKAGE_BUGREPORT ""
#define PACKAGE "cssed"
#define VERSION "0.4.1"
#define STDC_HEADERS 1
#define HAVE_SYS_TYPES_H 1
#define HAVE_SYS_STAT_H 1
#define HAVE_STDLIB_H 1
#define HAVE_STRING_H 1
#define HAVE_MEMORY_H 1
#define HAVE_STRINGS_H 1
#define HAVE_INTTYPES_H 1
#define HAVE_STDINT_H 1
#define HAVE_UNISTD_H 1
#define HAVE__BOOL 1
#define HAVE_STDBOOL_H 1
#define HAVE_LOCALE_H 1
#define HAVE_LC_MESSAGES 1
#define HAVE_BIND_TEXTDOMAIN_CODESET 1
#define HAVE_GETTEXT 1
#define HAVE_DCGETTEXT 1
#define ENABLE_NLS 1
#define HAVE_SYS_IPC_H 1
#define HAVE_SYS_MSG_H 1
#define HAVE_SIGNAL_H 1
#define HAVE_LIMITS_H 1
#define HAVE_STDLIB_H 1
#define HAVE_STDLIB_H 1
#define HAVE_UNISTD_H 1
#define HAVE_GETPAGESIZE 1
#define HAVE_MMAP 1
#define LSTAT_FOLLOWS_SLASHED_SYMLINK 1
#define HAVE_VPRINTF 1
#define HAVE_ISASCII 1
#define HAVE_MBLEN 1
#define HAVE_MEMMOVE 1
#define HAVE_MEMSET 1
#define HAVE_MUNMAP 1
#define HAVE_STRCHR 1
#define HAVE_STRSTR 1
#define HAVE_MKDIR 1
#define HAVE_STRTOL 1
#define STDC_HEADERS 1
#define HAVE_UNISTD_H 1
#define HAVE_STRING_H 1
#define HAVE_CTYPE_H 1
#define HAVE_STDIO_H 1
#define HAVE_SYS_MMAN_H 1
#define HAVE_SYS_TYPES_H 1
#define HAVE_SYS_STAT_H 1
#define HAVE_FCNTL_H 1
#define HAVE_LIBGEN_H 1
#define HAVE_LIBINTL_H 1
#define HAVE_STDDEF_H 1
#define GETTEXT_PACKAGE "cssed"

configure: exit 0
